<?xml version="1.0" encoding="UTF-8"?>
<testsuite xmlns:xsi="http://www.w3.org/2001/XMLSchema-instance" xsi:noNamespaceSchemaLocation="https://maven.apache.org/surefire/maven-surefire-plugin/xsd/surefire-test-report-3.0.xsd" version="3.0" name="StepDefinitions.TestRunner" time="234.415" tests="10" errors="1" skipped="0" failures="1">
  <properties>
    <property name="java.specification.version" value="25"/>
    <property name="sun.jnu.encoding" value="UTF-8"/>
    <property name="java.class.path" value="/Users/souranumaji/Documents/com.catawiki.automation/target/test-classes:/Users/souranumaji/Documents/com.catawiki.automation/target/classes:/Users/souranumaji/.m2/repository/io/cucumber/cucumber-java/7.34.2/cucumber-java-7.34.2.jar:/Users/souranumaji/.m2/repository/io/cucumber/cucumber-core/7.34.2/cucumber-core-7.34.2.jar:/Users/souranumaji/.m2/repository/io/cucumber/cucumber-gherkin/7.34.2/cucumber-gherkin-7.34.2.jar:/Users/souranumaji/.m2/repository/io/cucumber/cucumber-gherkin-messages/7.34.2/cucumber-gherkin-messages-7.34.2.jar:/Users/souranumaji/.m2/repository/io/cucumber/gherkin/36.1.0/gherkin-36.1.0.jar:/Users/souranumaji/.m2/repository/io/cucumber/messages/30.1.0/messages-30.1.0.jar:/Users/souranumaji/.m2/repository/io/cucumber/messages-ndjson/0.3.0/messages-ndjson-0.3.0.jar:/Users/souranumaji/.m2/repository/io/cucumber/pretty-formatter/2.4.1/pretty-formatter-2.4.1.jar:/Users/souranumaji/.m2/repository/io/cucumber/query/14.7.0/query-14.7.0.jar:/Users/souranumaji/.m2/repository/io/cucumber/teamcity-formatter/0.2.0/teamcity-formatter-0.2.0.jar:/Users/souranumaji/.m2/repository/io/cucumber/testng-xml-formatter/0.7.0/testng-xml-formatter-0.7.0.jar:/Users/souranumaji/.m2/repository/io/cucumber/usage-formatter/0.1.0/usage-formatter-0.1.0.jar:/Users/souranumaji/.m2/repository/io/cucumber/tag-expressions/8.1.0/tag-expressions-8.1.0.jar:/Users/souranumaji/.m2/repository/io/cucumber/cucumber-expressions/18.1.0/cucumber-expressions-18.1.0.jar:/Users/souranumaji/.m2/repository/io/cucumber/cucumber-json-formatter/0.3.2/cucumber-json-formatter-0.3.2.jar:/Users/souranumaji/.m2/repository/io/cucumber/datatable/7.34.2/datatable-7.34.2.jar:/Users/souranumaji/.m2/repository/io/cucumber/cucumber-plugin/7.34.2/cucumber-plugin-7.34.2.jar:/Users/souranumaji/.m2/repository/io/cucumber/docstring/7.34.2/docstring-7.34.2.jar:/Users/souranumaji/.m2/repository/io/cucumber/html-formatter/22.3.0/html-formatter-22.3.0.jar:/Users/souranumaji/.m2/repository/io/cucumber/junit-xml-formatter/0.11.0/junit-xml-formatter-0.11.0.jar:/Users/souranumaji/.m2/repository/io/cucumber/ci-environment/12.0.0/ci-environment-12.0.0.jar:/Users/souranumaji/.m2/repository/org/apiguardian/apiguardian-api/1.1.2/apiguardian-api-1.1.2.jar:/Users/souranumaji/.m2/repository/junit/junit/4.13.2/junit-4.13.2.jar:/Users/souranumaji/.m2/repository/org/hamcrest/hamcrest-core/1.3/hamcrest-core-1.3.jar:/Users/souranumaji/.m2/repository/io/cucumber/cucumber-junit/7.34.2/cucumber-junit-7.34.2.jar:/Users/souranumaji/.m2/repository/org/seleniumhq/selenium/selenium-java/4.40.0/selenium-java-4.40.0.jar:/Users/souranumaji/.m2/repository/org/seleniumhq/selenium/selenium-api/4.40.0/selenium-api-4.40.0.jar:/Users/souranumaji/.m2/repository/org/jspecify/jspecify/1.0.0/jspecify-1.0.0.jar:/Users/souranumaji/.m2/repository/org/seleniumhq/selenium/selenium-chrome-driver/4.40.0/selenium-chrome-driver-4.40.0.jar:/Users/souranumaji/.m2/repository/com/google/auto/service/auto-service-annotations/1.1.1/auto-service-annotations-1.1.1.jar:/Users/souranumaji/.m2/repository/org/seleniumhq/selenium/selenium-chromium-driver/4.40.0/selenium-chromium-driver-4.40.0.jar:/Users/souranumaji/.m2/repository/org/seleniumhq/selenium/selenium-json/4.40.0/selenium-json-4.40.0.jar:/Users/souranumaji/.m2/repository/org/seleniumhq/selenium/selenium-manager/4.40.0/selenium-manager-4.40.0.jar:/Users/souranumaji/.m2/repository/org/seleniumhq/selenium/selenium-devtools-v142/4.40.0/selenium-devtools-v142-4.40.0.jar:/Users/souranumaji/.m2/repository/org/seleniumhq/selenium/selenium-devtools-v143/4.40.0/selenium-devtools-v143-4.40.0.jar:/Users/souranumaji/.m2/repository/org/seleniumhq/selenium/selenium-devtools-v144/4.40.0/selenium-devtools-v144-4.40.0.jar:/Users/souranumaji/.m2/repository/org/seleniumhq/selenium/selenium-edge-driver/4.40.0/selenium-edge-driver-4.40.0.jar:/Users/souranumaji/.m2/repository/org/seleniumhq/selenium/selenium-firefox-driver/4.40.0/selenium-firefox-driver-4.40.0.jar:/Users/souranumaji/.m2/repository/org/seleniumhq/selenium/selenium-http/4.40.0/selenium-http-4.40.0.jar:/Users/souranumaji/.m2/repository/org/seleniumhq/selenium/selenium-ie-driver/4.40.0/selenium-ie-driver-4.40.0.jar:/Users/souranumaji/.m2/repository/org/seleniumhq/selenium/selenium-remote-driver/4.40.0/selenium-remote-driver-4.40.0.jar:/Users/souranumaji/.m2/repository/com/google/guava/guava/33.5.0-jre/guava-33.5.0-jre.jar:/Users/souranumaji/.m2/repository/com/google/guava/failureaccess/1.0.3/failureaccess-1.0.3.jar:/Users/souranumaji/.m2/repository/com/google/guava/listenablefuture/9999.0-empty-to-avoid-conflict-with-guava/listenablefuture-9999.0-empty-to-avoid-conflict-with-guava.jar:/Users/souranumaji/.m2/repository/com/google/errorprone/error_prone_annotations/2.41.0/error_prone_annotations-2.41.0.jar:/Users/souranumaji/.m2/repository/com/google/j2objc/j2objc-annotations/3.1/j2objc-annotations-3.1.jar:/Users/souranumaji/.m2/repository/io/opentelemetry/opentelemetry-api/1.58.0/opentelemetry-api-1.58.0.jar:/Users/souranumaji/.m2/repository/io/opentelemetry/opentelemetry-context/1.58.0/opentelemetry-context-1.58.0.jar:/Users/souranumaji/.m2/repository/io/opentelemetry/opentelemetry-common/1.58.0/opentelemetry-common-1.58.0.jar:/Users/souranumaji/.m2/repository/io/opentelemetry/opentelemetry-exporter-logging/1.58.0/opentelemetry-exporter-logging-1.58.0.jar:/Users/souranumaji/.m2/repository/io/opentelemetry/opentelemetry-sdk-common/1.58.0/opentelemetry-sdk-common-1.58.0.jar:/Users/souranumaji/.m2/repository/io/opentelemetry/opentelemetry-sdk-extension-autoconfigure-spi/1.58.0/opentelemetry-sdk-extension-autoconfigure-spi-1.58.0.jar:/Users/souranumaji/.m2/repository/io/opentelemetry/opentelemetry-sdk-extension-autoconfigure/1.58.0/opentelemetry-sdk-extension-autoconfigure-1.58.0.jar:/Users/souranumaji/.m2/repository/io/opentelemetry/opentelemetry-sdk-trace/1.58.0/opentelemetry-sdk-trace-1.58.0.jar:/Users/souranumaji/.m2/repository/io/opentelemetry/opentelemetry-sdk/1.58.0/opentelemetry-sdk-1.58.0.jar:/Users/souranumaji/.m2/repository/io/opentelemetry/opentelemetry-sdk-metrics/1.58.0/opentelemetry-sdk-metrics-1.58.0.jar:/Users/souranumaji/.m2/repository/io/opentelemetry/opentelemetry-sdk-logs/1.58.0/opentelemetry-sdk-logs-1.58.0.jar:/Users/souranumaji/.m2/repository/net/bytebuddy/byte-buddy/1.18.4/byte-buddy-1.18.4.jar:/Users/souranumaji/.m2/repository/org/seleniumhq/selenium/selenium-os/4.40.0/selenium-os-4.40.0.jar:/Users/souranumaji/.m2/repository/org/seleniumhq/selenium/selenium-safari-driver/4.40.0/selenium-safari-driver-4.40.0.jar:/Users/souranumaji/.m2/repository/org/seleniumhq/selenium/selenium-support/4.40.0/selenium-support-4.40.0.jar:/Users/souranumaji/.m2/repository/org/apache/logging/log4j/log4j-api/2.22.1/log4j-api-2.22.1.jar:/Users/souranumaji/.m2/repository/org/apache/logging/log4j/log4j-core/2.22.1/log4j-core-2.22.1.jar:"/>
    <property name="java.vm.vendor" value="Homebrew"/>
    <property name="sun.arch.data.model" value="64"/>
    <property name="java.vendor.url" value="https://github.com/Homebrew/homebrew-core/issues"/>
    <property name="os.name" value="Mac OS X"/>
    <property name="java.vm.specification.version" value="25"/>
    <property name="sun.java.launcher" value="SUN_STANDARD"/>
    <property name="user.country" value="US"/>
    <property name="sun.boot.library.path" value="/opt/homebrew/Cellar/openjdk/25.0.2/libexec/openjdk.jdk/Contents/Home/lib"/>
    <property name="sun.java.command" value="/Users/souranumaji/Documents/com.catawiki.automation/target/surefire/surefirebooter-20260226143043765_3.jar /Users/souranumaji/Documents/com.catawiki.automation/target/surefire 2026-02-26T14-30-43_736-jvmRun1 surefire-20260226143043765_1tmp surefire_0-20260226143043765_2tmp"/>
    <property name="http.nonProxyHosts" value="local|*.local|169.254/16|*.169.254/16"/>
    <property name="jdk.debug" value="release"/>
    <property name="test" value="TestRunner"/>
    <property name="surefire.test.class.path" value="/Users/souranumaji/Documents/com.catawiki.automation/target/test-classes:/Users/souranumaji/Documents/com.catawiki.automation/target/classes:/Users/souranumaji/.m2/repository/io/cucumber/cucumber-java/7.34.2/cucumber-java-7.34.2.jar:/Users/souranumaji/.m2/repository/io/cucumber/cucumber-core/7.34.2/cucumber-core-7.34.2.jar:/Users/souranumaji/.m2/repository/io/cucumber/cucumber-gherkin/7.34.2/cucumber-gherkin-7.34.2.jar:/Users/souranumaji/.m2/repository/io/cucumber/cucumber-gherkin-messages/7.34.2/cucumber-gherkin-messages-7.34.2.jar:/Users/souranumaji/.m2/repository/io/cucumber/gherkin/36.1.0/gherkin-36.1.0.jar:/Users/souranumaji/.m2/repository/io/cucumber/messages/30.1.0/messages-30.1.0.jar:/Users/souranumaji/.m2/repository/io/cucumber/messages-ndjson/0.3.0/messages-ndjson-0.3.0.jar:/Users/souranumaji/.m2/repository/io/cucumber/pretty-formatter/2.4.1/pretty-formatter-2.4.1.jar:/Users/souranumaji/.m2/repository/io/cucumber/query/14.7.0/query-14.7.0.jar:/Users/souranumaji/.m2/repository/io/cucumber/teamcity-formatter/0.2.0/teamcity-formatter-0.2.0.jar:/Users/souranumaji/.m2/repository/io/cucumber/testng-xml-formatter/0.7.0/testng-xml-formatter-0.7.0.jar:/Users/souranumaji/.m2/repository/io/cucumber/usage-formatter/0.1.0/usage-formatter-0.1.0.jar:/Users/souranumaji/.m2/repository/io/cucumber/tag-expressions/8.1.0/tag-expressions-8.1.0.jar:/Users/souranumaji/.m2/repository/io/cucumber/cucumber-expressions/18.1.0/cucumber-expressions-18.1.0.jar:/Users/souranumaji/.m2/repository/io/cucumber/cucumber-json-formatter/0.3.2/cucumber-json-formatter-0.3.2.jar:/Users/souranumaji/.m2/repository/io/cucumber/datatable/7.34.2/datatable-7.34.2.jar:/Users/souranumaji/.m2/repository/io/cucumber/cucumber-plugin/7.34.2/cucumber-plugin-7.34.2.jar:/Users/souranumaji/.m2/repository/io/cucumber/docstring/7.34.2/docstring-7.34.2.jar:/Users/souranumaji/.m2/repository/io/cucumber/html-formatter/22.3.0/html-formatter-22.3.0.jar:/Users/souranumaji/.m2/repository/io/cucumber/junit-xml-formatter/0.11.0/junit-xml-formatter-0.11.0.jar:/Users/souranumaji/.m2/repository/io/cucumber/ci-environment/12.0.0/ci-environment-12.0.0.jar:/Users/souranumaji/.m2/repository/org/apiguardian/apiguardian-api/1.1.2/apiguardian-api-1.1.2.jar:/Users/souranumaji/.m2/repository/junit/junit/4.13.2/junit-4.13.2.jar:/Users/souranumaji/.m2/repository/org/hamcrest/hamcrest-core/1.3/hamcrest-core-1.3.jar:/Users/souranumaji/.m2/repository/io/cucumber/cucumber-junit/7.34.2/cucumber-junit-7.34.2.jar:/Users/souranumaji/.m2/repository/org/seleniumhq/selenium/selenium-java/4.40.0/selenium-java-4.40.0.jar:/Users/souranumaji/.m2/repository/org/seleniumhq/selenium/selenium-api/4.40.0/selenium-api-4.40.0.jar:/Users/souranumaji/.m2/repository/org/jspecify/jspecify/1.0.0/jspecify-1.0.0.jar:/Users/souranumaji/.m2/repository/org/seleniumhq/selenium/selenium-chrome-driver/4.40.0/selenium-chrome-driver-4.40.0.jar:/Users/souranumaji/.m2/repository/com/google/auto/service/auto-service-annotations/1.1.1/auto-service-annotations-1.1.1.jar:/Users/souranumaji/.m2/repository/org/seleniumhq/selenium/selenium-chromium-driver/4.40.0/selenium-chromium-driver-4.40.0.jar:/Users/souranumaji/.m2/repository/org/seleniumhq/selenium/selenium-json/4.40.0/selenium-json-4.40.0.jar:/Users/souranumaji/.m2/repository/org/seleniumhq/selenium/selenium-manager/4.40.0/selenium-manager-4.40.0.jar:/Users/souranumaji/.m2/repository/org/seleniumhq/selenium/selenium-devtools-v142/4.40.0/selenium-devtools-v142-4.40.0.jar:/Users/souranumaji/.m2/repository/org/seleniumhq/selenium/selenium-devtools-v143/4.40.0/selenium-devtools-v143-4.40.0.jar:/Users/souranumaji/.m2/repository/org/seleniumhq/selenium/selenium-devtools-v144/4.40.0/selenium-devtools-v144-4.40.0.jar:/Users/souranumaji/.m2/repository/org/seleniumhq/selenium/selenium-edge-driver/4.40.0/selenium-edge-driver-4.40.0.jar:/Users/souranumaji/.m2/repository/org/seleniumhq/selenium/selenium-firefox-driver/4.40.0/selenium-firefox-driver-4.40.0.jar:/Users/souranumaji/.m2/repository/org/seleniumhq/selenium/selenium-http/4.40.0/selenium-http-4.40.0.jar:/Users/souranumaji/.m2/repository/org/seleniumhq/selenium/selenium-ie-driver/4.40.0/selenium-ie-driver-4.40.0.jar:/Users/souranumaji/.m2/repository/org/seleniumhq/selenium/selenium-remote-driver/4.40.0/selenium-remote-driver-4.40.0.jar:/Users/souranumaji/.m2/repository/com/google/guava/guava/33.5.0-jre/guava-33.5.0-jre.jar:/Users/souranumaji/.m2/repository/com/google/guava/failureaccess/1.0.3/failureaccess-1.0.3.jar:/Users/souranumaji/.m2/repository/com/google/guava/listenablefuture/9999.0-empty-to-avoid-conflict-with-guava/listenablefuture-9999.0-empty-to-avoid-conflict-with-guava.jar:/Users/souranumaji/.m2/repository/com/google/errorprone/error_prone_annotations/2.41.0/error_prone_annotations-2.41.0.jar:/Users/souranumaji/.m2/repository/com/google/j2objc/j2objc-annotations/3.1/j2objc-annotations-3.1.jar:/Users/souranumaji/.m2/repository/io/opentelemetry/opentelemetry-api/1.58.0/opentelemetry-api-1.58.0.jar:/Users/souranumaji/.m2/repository/io/opentelemetry/opentelemetry-context/1.58.0/opentelemetry-context-1.58.0.jar:/Users/souranumaji/.m2/repository/io/opentelemetry/opentelemetry-common/1.58.0/opentelemetry-common-1.58.0.jar:/Users/souranumaji/.m2/repository/io/opentelemetry/opentelemetry-exporter-logging/1.58.0/opentelemetry-exporter-logging-1.58.0.jar:/Users/souranumaji/.m2/repository/io/opentelemetry/opentelemetry-sdk-common/1.58.0/opentelemetry-sdk-common-1.58.0.jar:/Users/souranumaji/.m2/repository/io/opentelemetry/opentelemetry-sdk-extension-autoconfigure-spi/1.58.0/opentelemetry-sdk-extension-autoconfigure-spi-1.58.0.jar:/Users/souranumaji/.m2/repository/io/opentelemetry/opentelemetry-sdk-extension-autoconfigure/1.58.0/opentelemetry-sdk-extension-autoconfigure-1.58.0.jar:/Users/souranumaji/.m2/repository/io/opentelemetry/opentelemetry-sdk-trace/1.58.0/opentelemetry-sdk-trace-1.58.0.jar:/Users/souranumaji/.m2/repository/io/opentelemetry/opentelemetry-sdk/1.58.0/opentelemetry-sdk-1.58.0.jar:/Users/souranumaji/.m2/repository/io/opentelemetry/opentelemetry-sdk-metrics/1.58.0/opentelemetry-sdk-metrics-1.58.0.jar:/Users/souranumaji/.m2/repository/io/opentelemetry/opentelemetry-sdk-logs/1.58.0/opentelemetry-sdk-logs-1.58.0.jar:/Users/souranumaji/.m2/repository/net/bytebuddy/byte-buddy/1.18.4/byte-buddy-1.18.4.jar:/Users/souranumaji/.m2/repository/org/seleniumhq/selenium/selenium-os/4.40.0/selenium-os-4.40.0.jar:/Users/souranumaji/.m2/repository/org/seleniumhq/selenium/selenium-safari-driver/4.40.0/selenium-safari-driver-4.40.0.jar:/Users/souranumaji/.m2/repository/org/seleniumhq/selenium/selenium-support/4.40.0/selenium-support-4.40.0.jar:/Users/souranumaji/.m2/repository/org/apache/logging/log4j/log4j-api/2.22.1/log4j-api-2.22.1.jar:/Users/souranumaji/.m2/repository/org/apache/logging/log4j/log4j-core/2.22.1/log4j-core-2.22.1.jar:"/>
    <property name="sun.cpu.endian" value="little"/>
    <property name="user.home" value="/Users/souranumaji"/>
    <property name="user.language" value="en"/>
    <property name="java.specification.vendor" value="Oracle Corporation"/>
    <property name="java.version.date" value="2026-01-20"/>
    <property name="java.home" value="/opt/homebrew/Cellar/openjdk/25.0.2/libexec/openjdk.jdk/Contents/Home"/>
    <property name="file.separator" value="/"/>
    <property name="basedir" value="/Users/souranumaji/Documents/com.catawiki.automation"/>
    <property name="java.vm.compressedOopsMode" value="Zero based"/>
    <property name="line.separator" value="&#10;"/>
    <property name="java.vm.specification.vendor" value="Oracle Corporation"/>
    <property name="java.specification.name" value="Java Platform API Specification"/>
    <property name="apple.awt.application.name" value="ForkedBooter"/>
    <property name="surefire.real.class.path" value="/Users/souranumaji/Documents/com.catawiki.automation/target/surefire/surefirebooter-20260226143043765_3.jar"/>
    <property name="sun.management.compiler" value="HotSpot 64-Bit Tiered Compilers"/>
    <property name="ftp.nonProxyHosts" value="local|*.local|169.254/16|*.169.254/16"/>
    <property name="java.runtime.version" value="25.0.2"/>
    <property name="user.name" value="souranumaji"/>
    <property name="stdout.encoding" value="UTF-8"/>
    <property name="path.separator" value=":"/>
    <property name="os.version" value="26.3"/>
    <property name="java.runtime.name" value="OpenJDK Runtime Environment"/>
    <property name="file.encoding" value="UTF-8"/>
    <property name="java.vm.name" value="OpenJDK 64-Bit Server VM"/>
    <property name="java.vendor.version" value="Homebrew"/>
    <property name="localRepository" value="/Users/souranumaji/.m2/repository"/>
    <property name="java.vendor.url.bug" value="https://github.com/Homebrew/homebrew-core/issues"/>
    <property name="java.io.tmpdir" value="/var/folders/jt/85hkxdq52sq6gh28m9zrd6pm0000gn/T/"/>
    <property name="java.version" value="25.0.2"/>
    <property name="user.dir" value="/Users/souranumaji/Documents/com.catawiki.automation"/>
    <property name="os.arch" value="aarch64"/>
    <property name="java.vm.specification.name" value="Java Virtual Machine Specification"/>
    <property name="native.encoding" value="UTF-8"/>
    <property name="java.library.path" value="/Users/souranumaji/Library/Java/Extensions:/Library/Java/Extensions:/Network/Library/Java/Extensions:/System/Library/Java/Extensions:/usr/lib/java:."/>
    <property name="java.vm.info" value="mixed mode, sharing"/>
    <property name="stderr.encoding" value="UTF-8"/>
    <property name="java.vendor" value="Homebrew"/>
    <property name="java.vm.version" value="25.0.2"/>
    <property name="stdin.encoding" value="UTF-8"/>
    <property name="sun.io.unicode.encoding" value="UnicodeBig"/>
    <property name="socksNonProxyHosts" value="local|*.local|169.254/16|*.169.254/16"/>
    <property name="java.class.version" value="69.0"/>
  </properties>
  <testcase name="Search for auction item after switching language #1" classname="feature to check language consistency in website while searching products" time="9.064">
    <system-out><![CDATA[
@Smoke_Test
Scenario Outline: Search for auction item after switching language         # src/test/resources/features/languageAcceptance.feature:12
14:30:45.378 &amp#27;[32mINFO &amp#27;[m &amp#27;[35mSearchSteps&amp#27;[m - Launching the browser and navigating to the Catawiki homepage
14:30:51.458 &amp#27;[32mINFO &amp#27;[m &amp#27;[35mSearchSteps&amp#27;[m - Catawiki HomePage Title Verified
  ✔ Given User is on the Catawiki homepage                                 # StepDefinitions.SearchSteps.User_is_on_the_Catawiki_homepage()
14:30:51.515 &amp#27;[32mINFO &amp#27;[m &amp#27;[35mSearchSteps&amp#27;[m - User has Selected GERMAN
14:30:52.079 &amp#27;[32mINFO &amp#27;[m &amp#27;[35mSearchSteps&amp#27;[m - WebURL changed to: https://www.catawiki.com/de
  ✔ When User change language to "GERMAN" and validate the language change # StepDefinitions.SearchSteps.User_change_language_to_and_validate_the_language_change(java.lang.String)
14:30:52.106 &amp#27;[32mINFO &amp#27;[m &amp#27;[35mSearchSteps&amp#27;[m - User searches for: train
  ✔ Then User searches for "train"                                         # StepDefinitions.SearchSteps.User_searches_for(java.lang.String)
]]></system-out>
    <system-err><![CDATA[Feb 26, 2026 2:30:45 PM org.openqa.selenium.devtools.CdpVersionFinder findNearestMatch
WARNING: Unable to find an exact match for CDP version 145, returning the closest version; found: 144; Please update to a Selenium version that supports CDP version 145
]]></system-err>
  </testcase>
  <testcase name="Search for auction item after switching language #2" classname="feature to check language consistency in website while searching products" time="6.52">
    <system-out><![CDATA[
@Smoke_Test
Scenario Outline: Search for auction item after switching language          # src/test/resources/features/languageAcceptance.feature:13
14:30:53.868 &amp#27;[32mINFO &amp#27;[m &amp#27;[35mSearchSteps&amp#27;[m - Launching the browser and navigating to the Catawiki homepage
14:30:58.225 &amp#27;[32mINFO &amp#27;[m &amp#27;[35mSearchSteps&amp#27;[m - Catawiki HomePage Title Verified
  ✔ Given User is on the Catawiki homepage                                  # StepDefinitions.SearchSteps.User_is_on_the_Catawiki_homepage()
14:30:58.283 &amp#27;[32mINFO &amp#27;[m &amp#27;[35mSearchSteps&amp#27;[m - User has Selected ENGLISH
14:30:58.660 &amp#27;[32mINFO &amp#27;[m &amp#27;[35mSearchSteps&amp#27;[m - WebURL changed to: https://www.catawiki.com/en
  ✔ When User change language to "ENGLISH" and validate the language change # StepDefinitions.SearchSteps.User_change_language_to_and_validate_the_language_change(java.lang.String)
14:30:58.694 &amp#27;[32mINFO &amp#27;[m &amp#27;[35mSearchSteps&amp#27;[m - User searches for: Tintin
  ✔ Then User searches for "Tintin"                                         # StepDefinitions.SearchSteps.User_searches_for(java.lang.String)
]]></system-out>
    <system-err><![CDATA[Feb 26, 2026 2:30:53 PM org.openqa.selenium.devtools.CdpVersionFinder findNearestMatch
WARNING: Unable to find an exact match for CDP version 145, returning the closest version; found: 144; Please update to a Selenium version that supports CDP version 145
]]></system-err>
  </testcase>
  <testcase name="Search for auction item after switching language #3" classname="feature to check language consistency in website while searching products" time="6.631">
    <error message="No enum constant Enums.language.JAPANESE" type="java.lang.IllegalArgumentException"><![CDATA[java.lang.IllegalArgumentException: No enum constant Enums.language.JAPANESE
	at java.base/java.lang.Enum.valueOf(Enum.java:293)
	at Enums.language.valueOf(language.java:3)
	at Pages.homePage.validateChangedLanguageOnWebpage(homePage.java:75)
	at Pages.homePage.changeUserLanguageAndValidateChange(homePage.java:71)
	at StepDefinitions.SearchSteps.User_change_language_to_and_validate_the_language_change(SearchSteps.java:138)
	at ✽.User change language to "JAPANESE" and validate the language change(file:///Users/souranumaji/Documents/com.catawiki.automation/src/test/resources/features/languageAcceptance.feature:6)
]]></error>
    <system-out><![CDATA[
@Smoke_Test @Negative_Test
Scenario Outline: Search for auction item after switching language           # src/test/resources/features/languageAcceptance.feature:18
14:31:00.124 &amp#27;[32mINFO &amp#27;[m &amp#27;[35mSearchSteps&amp#27;[m - Launching the browser and navigating to the Catawiki homepage
14:31:06.141 &amp#27;[32mINFO &amp#27;[m &amp#27;[35mSearchSteps&amp#27;[m - Catawiki HomePage Title Verified
  ✔ Given User is on the Catawiki homepage                                   # StepDefinitions.SearchSteps.User_is_on_the_Catawiki_homepage()
14:31:06.186 &amp#27;[33mWARN &amp#27;[m &amp#27;[35mSearchSteps&amp#27;[m - Native Language NOT supported by website
  ✘ When User change language to "JAPANESE" and validate the language change # StepDefinitions.SearchSteps.User_change_language_to_and_validate_the_language_change(java.lang.String)
        java.lang.IllegalArgumentException: No enum constant Enums.language.JAPANESE
        	at java.base/java.lang.Enum.valueOf(Enum.java:293)
        	at Enums.language.valueOf(language.java:3)
        	at Pages.homePage.validateChangedLanguageOnWebpage(homePage.java:75)
        	at Pages.homePage.changeUserLanguageAndValidateChange(homePage.java:71)
        	at StepDefinitions.SearchSteps.User_change_language_to_and_validate_the_language_change(SearchSteps.java:138)
        	at ✽.User change language to "JAPANESE" and validate the language change(file:///Users/souranumaji/Documents/com.catawiki.automation/src/test/resources/features/languageAcceptance.feature:6)
  ↷ Then User searches for "car"                                             # StepDefinitions.SearchSteps.User_searches_for(java.lang.String)
]]></system-out>
    <system-err><![CDATA[Feb 26, 2026 2:31:00 PM org.openqa.selenium.devtools.CdpVersionFinder findNearestMatch
WARNING: Unable to find an exact match for CDP version 145, returning the closest version; found: 144; Please update to a Selenium version that supports CDP version 145
]]></system-err>
  </testcase>
  <testcase name="Search for an auction item with valid product name and verify the details #1" classname="feature to search for an item on the Catawiki website" time="36.04">
    <system-out><![CDATA[
@Smoke_Test @Positive_Test
Scenario Outline: Search for an auction item with valid product name and verify the details # src/test/resources/features/productSearching.feature:15
14:31:07.029 &amp#27;[32mINFO &amp#27;[m &amp#27;[35mSearchSteps&amp#27;[m - Launching the browser and navigating to the Catawiki homepage
14:31:12.991 &amp#27;[32mINFO &amp#27;[m &amp#27;[35mSearchSteps&amp#27;[m - Catawiki HomePage Title Verified
  ✔ Given User is on the Catawiki homepage                                                  # StepDefinitions.SearchSteps.User_is_on_the_Catawiki_homepage()
14:31:12.993 &amp#27;[32mINFO &amp#27;[m &amp#27;[35mSearchSteps&amp#27;[m - User searches for: train
  ✔ When User searches for "train"                                                          # StepDefinitions.SearchSteps.User_searches_for(java.lang.String)
  ✔ And Verify the designated "train" page details                                          # StepDefinitions.SearchSteps.Verify_the_designated_page_details(java.lang.String)
14:31:18.968 &amp#27;[32mINFO &amp#27;[m &amp#27;[35mSearchSteps&amp#27;[m - Total lots found on first Seearch Results Page:24
  ✔ Then Click on Lot "2" in search results page and verify                                 # StepDefinitions.SearchSteps.Click_on_lot_in_search_results_page_and_verify(java.lang.String)
14:31:20.161 &amp#27;[32mINFO &amp#27;[m &amp#27;[35mSearchSteps&amp#27;[m - Lot's Page Title: Roco H0 - 4134 - Train unit (1) - S-Bahn train set BR 420 - DB
14:31:23.175 &amp#27;[32mINFO &amp#27;[m &amp#27;[35mSearchSteps&amp#27;[m - Favorite Counter: 35
14:31:23.187 &amp#27;[32mINFO &amp#27;[m &amp#27;[35mSearchSteps&amp#27;[m - Current Bid Amount: 91
  ✔ And Validate Lot details with spcified attributes                                       # StepDefinitions.SearchSteps.Validate_lot_details_with_spcified_attributes()
14:31:27.217 &amp#27;[32mINFO &amp#27;[m &amp#27;[35mSearchSteps&amp#27;[m - Explicit Content Warning Not Present...
Proceeding
  ✔ And Check for Age restricted content warning with "Yes"                                 # StepDefinitions.SearchSteps.Check_for_Age_restricted_content_warning(java.lang.String)
]]></system-out>
    <system-err><![CDATA[Feb 26, 2026 2:31:06 PM org.openqa.selenium.devtools.CdpVersionFinder findNearestMatch
WARNING: Unable to find an exact match for CDP version 145, returning the closest version; found: 144; Please update to a Selenium version that supports CDP version 145
]]></system-err>
  </testcase>
  <testcase name="Search for an auction item with valid product name and verify the details #2" classname="feature to search for an item on the Catawiki website" time="37.623">
    <system-out><![CDATA[
@Smoke_Test @Edge_Case_Test
Scenario Outline: Search for an auction item with valid product name and verify the details # src/test/resources/features/productSearching.feature:20
14:31:43.315 &amp#27;[32mINFO &amp#27;[m &amp#27;[35mSearchSteps&amp#27;[m - Launching the browser and navigating to the Catawiki homepage
14:31:49.144 &amp#27;[32mINFO &amp#27;[m &amp#27;[35mSearchSteps&amp#27;[m - Catawiki HomePage Title Verified
  ✔ Given User is on the Catawiki homepage                                                  # StepDefinitions.SearchSteps.User_is_on_the_Catawiki_homepage()
14:31:49.144 &amp#27;[32mINFO &amp#27;[m &amp#27;[35mSearchSteps&amp#27;[m - User searches for: car
  ✔ When User searches for "car"                                                            # StepDefinitions.SearchSteps.User_searches_for(java.lang.String)
  ✔ And Verify the designated "car" page details                                            # StepDefinitions.SearchSteps.Verify_the_designated_page_details(java.lang.String)
14:31:55.230 &amp#27;[32mINFO &amp#27;[m &amp#27;[35mSearchSteps&amp#27;[m - Total lots found on first Seearch Results Page:24
  ✔ Then Click on Lot "3" in search results page and verify                                 # StepDefinitions.SearchSteps.Click_on_lot_in_search_results_page_and_verify(java.lang.String)
14:31:55.984 &amp#27;[32mINFO &amp#27;[m &amp#27;[35mSearchSteps&amp#27;[m - Lot's Page Title: Stephen Newbury - The Car Design Yearbook 7 and The Car Design Yearbook 4 - 2008
14:31:59.002 &amp#27;[32mINFO &amp#27;[m &amp#27;[35mSearchSteps&amp#27;[m - Favorite Counter: 0
14:31:59.021 &amp#27;[32mINFO &amp#27;[m &amp#27;[35mSearchSteps&amp#27;[m - Current Bid Amount: 1
  ✔ And Validate Lot details with spcified attributes                                       # StepDefinitions.SearchSteps.Validate_lot_details_with_spcified_attributes()
14:32:03.044 &amp#27;[32mINFO &amp#27;[m &amp#27;[35mSearchSteps&amp#27;[m - Explicit Content Warning Not Present...
Proceeding
  ✔ And Check for Age restricted content warning with "No"                                  # StepDefinitions.SearchSteps.Check_for_Age_restricted_content_warning(java.lang.String)
]]></system-out>
    <system-err><![CDATA[Feb 26, 2026 2:31:42 PM org.openqa.selenium.devtools.CdpVersionFinder findNearestMatch
WARNING: Unable to find an exact match for CDP version 145, returning the closest version; found: 144; Please update to a Selenium version that supports CDP version 145
]]></system-err>
  </testcase>
  <testcase name="Search for an auction item with valid product name and verify the details #3" classname="feature to search for an item on the Catawiki website" time="35.958">
    <system-out><![CDATA[
@Smoke_Test @Edge_Case_Test
Scenario Outline: Search for an auction item with valid product name and verify the details # src/test/resources/features/productSearching.feature:21
14:32:21.108 &amp#27;[32mINFO &amp#27;[m &amp#27;[35mSearchSteps&amp#27;[m - Launching the browser and navigating to the Catawiki homepage
14:32:24.289 &amp#27;[32mINFO &amp#27;[m &amp#27;[35mSearchSteps&amp#27;[m - Catawiki HomePage Title Verified
  ✔ Given User is on the Catawiki homepage                                                  # StepDefinitions.SearchSteps.User_is_on_the_Catawiki_homepage()
14:32:24.289 &amp#27;[32mINFO &amp#27;[m &amp#27;[35mSearchSteps&amp#27;[m - User searches for: Tintin
  ✔ When User searches for "Tintin"                                                         # StepDefinitions.SearchSteps.User_searches_for(java.lang.String)
  ✔ And Verify the designated "Tintin" page details                                         # StepDefinitions.SearchSteps.Verify_the_designated_page_details(java.lang.String)
14:32:30.529 &amp#27;[32mINFO &amp#27;[m &amp#27;[35mSearchSteps&amp#27;[m - Total lots found on first Seearch Results Page:24
  ✔ Then Click on Lot "1" in search results page and verify                                 # StepDefinitions.SearchSteps.Click_on_lot_in_search_results_page_and_verify(java.lang.String)
14:32:31.284 &amp#27;[32mINFO &amp#27;[m &amp#27;[35mSearchSteps&amp#27;[m - Lot's Page Title: Tintin - Double mini-série - 10 Figurine Moulinsart 46206 - Limited edition
14:32:34.297 &amp#27;[32mINFO &amp#27;[m &amp#27;[35mSearchSteps&amp#27;[m - Favorite Counter: 24
14:32:34.309 &amp#27;[32mINFO &amp#27;[m &amp#27;[35mSearchSteps&amp#27;[m - Current Bid Amount: 190
  ✔ And Validate Lot details with spcified attributes                                       # StepDefinitions.SearchSteps.Validate_lot_details_with_spcified_attributes()
14:32:38.335 &amp#27;[32mINFO &amp#27;[m &amp#27;[35mSearchSteps&amp#27;[m - Explicit Content Warning Not Present...
Proceeding
  ✔ And Check for Age restricted content warning with "No"                                  # StepDefinitions.SearchSteps.Check_for_Age_restricted_content_warning(java.lang.String)
]]></system-out>
    <system-err><![CDATA[Feb 26, 2026 2:32:20 PM org.openqa.selenium.devtools.CdpVersionFinder findNearestMatch
WARNING: Unable to find an exact match for CDP version 145, returning the closest version; found: 144; Please update to a Selenium version that supports CDP version 145
]]></system-err>
  </testcase>
  <testcase name="Search for an auction item with valid product name and verify the details #4" classname="feature to search for an item on the Catawiki website" time="36.506">
    <system-out><![CDATA[
@Smoke_Test @Exploratory_Test
Scenario Outline: Search for an auction item with valid product name and verify the details # src/test/resources/features/productSearching.feature:26
14:32:56.847 &amp#27;[32mINFO &amp#27;[m &amp#27;[35mSearchSteps&amp#27;[m - Launching the browser and navigating to the Catawiki homepage
14:33:02.676 &amp#27;[32mINFO &amp#27;[m &amp#27;[35mSearchSteps&amp#27;[m - Catawiki HomePage Title Verified
  ✔ Given User is on the Catawiki homepage                                                  # StepDefinitions.SearchSteps.User_is_on_the_Catawiki_homepage()
14:33:02.683 &amp#27;[32mINFO &amp#27;[m &amp#27;[35mSearchSteps&amp#27;[m - User searches for: magazine
  ✔ When User searches for "magazine"                                                       # StepDefinitions.SearchSteps.User_searches_for(java.lang.String)
  ✔ And Verify the designated "magazine" page details                                       # StepDefinitions.SearchSteps.Verify_the_designated_page_details(java.lang.String)
14:33:08.581 &amp#27;[32mINFO &amp#27;[m &amp#27;[35mSearchSteps&amp#27;[m - Total lots found on first Seearch Results Page:24
  ✔ Then Click on Lot "5" in search results page and verify                                 # StepDefinitions.SearchSteps.Click_on_lot_in_search_results_page_and_verify(java.lang.String)
14:33:09.499 &amp#27;[32mINFO &amp#27;[m &amp#27;[35mSearchSteps&amp#27;[m - Lot's Page Title: Playboy magazines - 2002-2008
14:33:12.512 &amp#27;[32mINFO &amp#27;[m &amp#27;[35mSearchSteps&amp#27;[m - Favorite Counter: 30
14:33:12.531 &amp#27;[32mINFO &amp#27;[m &amp#27;[35mSearchSteps&amp#27;[m - Current Bid Amount: 110
  ✔ And Validate Lot details with spcified attributes                                       # StepDefinitions.SearchSteps.Validate_lot_details_with_spcified_attributes()
14:33:16.571 &amp#27;[33mWARN &amp#27;[m &amp#27;[35mSearchSteps&amp#27;[m - Warning: Explicit content Found !!! Proceeding with Caution...
Proceeding
  ✔ And Check for Age restricted content warning with "Yes"                                 # StepDefinitions.SearchSteps.Check_for_Age_restricted_content_warning(java.lang.String)
]]></system-out>
    <system-err><![CDATA[Feb 26, 2026 2:32:56 PM org.openqa.selenium.devtools.CdpVersionFinder findNearestMatch
WARNING: Unable to find an exact match for CDP version 145, returning the closest version; found: 144; Please update to a Selenium version that supports CDP version 145
]]></system-err>
  </testcase>
  <testcase name="Search for an auction item with valid product name and verify the details #5" classname="feature to search for an item on the Catawiki website" time="37.963">
    <system-out><![CDATA[
@Smoke_Test @Exploratory_Test
Scenario Outline: Search for an auction item with valid product name and verify the details # src/test/resources/features/productSearching.feature:27
14:33:33.239 &amp#27;[32mINFO &amp#27;[m &amp#27;[35mSearchSteps&amp#27;[m - Launching the browser and navigating to the Catawiki homepage
14:33:39.050 &amp#27;[32mINFO &amp#27;[m &amp#27;[35mSearchSteps&amp#27;[m - Catawiki HomePage Title Verified
  ✔ Given User is on the Catawiki homepage                                                  # StepDefinitions.SearchSteps.User_is_on_the_Catawiki_homepage()
14:33:39.050 &amp#27;[32mINFO &amp#27;[m &amp#27;[35mSearchSteps&amp#27;[m - User searches for: magazine
  ✔ When User searches for "magazine"                                                       # StepDefinitions.SearchSteps.User_searches_for(java.lang.String)
  ✔ And Verify the designated "magazine" page details                                       # StepDefinitions.SearchSteps.Verify_the_designated_page_details(java.lang.String)
14:33:44.954 &amp#27;[32mINFO &amp#27;[m &amp#27;[35mSearchSteps&amp#27;[m - Total lots found on first Seearch Results Page:24
  ✔ Then Click on Lot "3" in search results page and verify                                 # StepDefinitions.SearchSteps.Click_on_lot_in_search_results_page_and_verify(java.lang.String)
14:33:46.354 &amp#27;[32mINFO &amp#27;[m &amp#27;[35mSearchSteps&amp#27;[m - Lot's Page Title: Playboy magazines - 2000-2004
14:33:49.364 &amp#27;[32mINFO &amp#27;[m &amp#27;[35mSearchSteps&amp#27;[m - Favorite Counter: 42
14:33:49.375 &amp#27;[32mINFO &amp#27;[m &amp#27;[35mSearchSteps&amp#27;[m - Current Bid Amount: 90
  ✔ And Validate Lot details with spcified attributes                                       # StepDefinitions.SearchSteps.Validate_lot_details_with_spcified_attributes()
14:33:53.408 &amp#27;[33mWARN &amp#27;[m &amp#27;[35mSearchSteps&amp#27;[m - Warning: Explicit content Found !!! Going Back to Homepage...
Proceeding
  ✔ And Check for Age restricted content warning with "No"                                  # StepDefinitions.SearchSteps.Check_for_Age_restricted_content_warning(java.lang.String)
]]></system-out>
    <system-err><![CDATA[Feb 26, 2026 2:33:32 PM org.openqa.selenium.devtools.CdpVersionFinder findNearestMatch
WARNING: Unable to find an exact match for CDP version 145, returning the closest version; found: 144; Please update to a Selenium version that supports CDP version 145
]]></system-err>
  </testcase>
  <testcase name="Search for an auction item with Invalid product name and verify outcome #1" classname="feature to search for an item on the Catawiki website" time="10.512">
    <failure message="Warning Message should be Visible for Invalid Search term" type="java.lang.AssertionError"><![CDATA[java.lang.AssertionError: Warning Message should be Visible for Invalid Search term
	at org.junit.Assert.fail(Assert.java:89)
	at org.junit.Assert.assertTrue(Assert.java:42)
	at PageUtilities.verificationUtils.verifyElementPresenceInDOM(verificationUtils.java:38)
	at StepDefinitions.SearchSteps.Validate_expected_outcome_and_verify_error_message(SearchSteps.java:144)
	at ✽.Validate expected outcome and verify error message(file:///Users/souranumaji/Documents/com.catawiki.automation/src/test/resources/features/productSearching.feature:34)
]]></failure>
    <system-out><![CDATA[
@Smoke_Test @Negative_Test_Search
Scenario Outline: Search for an auction item with Invalid product name and verify outcome # src/test/resources/features/productSearching.feature:39
14:34:11.323 &amp#27;[32mINFO &amp#27;[m &amp#27;[35mSearchSteps&amp#27;[m - Launching the browser and navigating to the Catawiki homepage
14:34:14.410 &amp#27;[32mINFO &amp#27;[m &amp#27;[35mSearchSteps&amp#27;[m - Catawiki HomePage Title Verified
  ✔ Given User is on the Catawiki homepage                                                # StepDefinitions.SearchSteps.User_is_on_the_Catawiki_homepage()
14:34:14.415 &amp#27;[32mINFO &amp#27;[m &amp#27;[35mSearchSteps&amp#27;[m - User searches for: &%^$**$
  ✔ When User searches for "&%^$**$"                                                      # StepDefinitions.SearchSteps.User_searches_for(java.lang.String)
  ✔ And Verify the designated "&%^$**$" page details                                      # StepDefinitions.SearchSteps.Verify_the_designated_page_details(java.lang.String)
14:34:20.793 &amp#27;[32mINFO &amp#27;[m &amp#27;[35mSearchSteps&amp#27;[m - Screenshot saved at: target/screenshots/InvalidProductTerm.png
  ✘ Then Validate expected outcome and verify error message                               # StepDefinitions.SearchSteps.Validate_expected_outcome_and_verify_error_message()
        java.lang.AssertionError: Warning Message should be Visible for Invalid Search term
        	at org.junit.Assert.fail(Assert.java:89)
        	at org.junit.Assert.assertTrue(Assert.java:42)
        	at PageUtilities.verificationUtils.verifyElementPresenceInDOM(verificationUtils.java:38)
        	at StepDefinitions.SearchSteps.Validate_expected_outcome_and_verify_error_message(SearchSteps.java:144)
        	at ✽.Validate expected outcome and verify error message(file:///Users/souranumaji/Documents/com.catawiki.automation/src/test/resources/features/productSearching.feature:34)
]]></system-out>
    <system-err><![CDATA[Feb 26, 2026 2:34:10 PM org.openqa.selenium.devtools.CdpVersionFinder findNearestMatch
WARNING: Unable to find an exact match for CDP version 145, returning the closest version; found: 144; Please update to a Selenium version that supports CDP version 145
]]></system-err>
  </testcase>
  <testcase name="Search for an auction item with Invalid product name and verify outcome #2" classname="feature to search for an item on the Catawiki website" time="17.367">
    <system-out><![CDATA[
@Smoke_Test @Negative_Test_Search
Scenario Outline: Search for an auction item with Invalid product name and verify outcome # src/test/resources/features/productSearching.feature:40
14:34:21.686 &amp#27;[32mINFO &amp#27;[m &amp#27;[35mSearchSteps&amp#27;[m - Launching the browser and navigating to the Catawiki homepage
14:34:29.774 &amp#27;[32mINFO &amp#27;[m &amp#27;[35mSearchSteps&amp#27;[m - Catawiki HomePage Title Verified
  ✔ Given User is on the Catawiki homepage                                                # StepDefinitions.SearchSteps.User_is_on_the_Catawiki_homepage()
14:34:29.777 &amp#27;[32mINFO &amp#27;[m &amp#27;[35mSearchSteps&amp#27;[m - User searches for: 9999abcd
  ✔ When User searches for "9999abcd"                                                     # StepDefinitions.SearchSteps.User_searches_for(java.lang.String)
  ✔ And Verify the designated "9999abcd" page details                                     # StepDefinitions.SearchSteps.Verify_the_designated_page_details(java.lang.String)
14:34:36.155 &amp#27;[32mINFO &amp#27;[m &amp#27;[35mSearchSteps&amp#27;[m - Screenshot saved at: target/screenshots/InvalidProductTerm.png
  ✔ Then Validate expected outcome and verify error message                               # StepDefinitions.SearchSteps.Validate_expected_outcome_and_verify_error_message()
]]></system-out>
    <system-err><![CDATA[Feb 26, 2026 2:34:21 PM org.openqa.selenium.devtools.CdpVersionFinder findNearestMatch
WARNING: Unable to find an exact match for CDP version 145, returning the closest version; found: 144; Please update to a Selenium version that supports CDP version 145
]]></system-err>
  </testcase>
</testsuite>